{"level":"info","message":"Get all HelpTickets"}
{"level":"info","message":"Get all HelpTickets"}
{"level":"info","message":"Creating HelpTicket"}
{"level":"info","message":"Get all HelpTickets"}
{"level":"info","message":"Getting a HelpTickets content "}
{"level":"info","message":"Get all HelpTickets"}
{"level":"info","message":"Loading Mongoose functionality"}
{"level":"info","message":"Starting application"}
{"level":"info","message":"HTTP Server listening on port: %d, in %s mode"}
{"level":"info","message":"Mongoose connected to the database"}
{"level":"info","message":"Getting a HelpTickets content "}
{"level":"info","message":"Deleting HelpTicket %s"}
{"level":"info","message":"Get all HelpTickets"}
{"level":"info","message":"Loading Mongoose functionality"}
{"level":"info","message":"Starting application"}
{"level":"info","message":"HTTP Server listening on port: %d, in %s mode"}
{"level":"info","message":"Mongoose connected to the database"}
{"level":"info","message":"Loading Mongoose functionality"}
{"level":"info","message":"Starting application"}
{"level":"info","message":"HTTP Server listening on port: %d, in %s mode"}
{"level":"info","message":"Mongoose connected to the database"}
{"level":"info","message":"Get all HelpTickets"}
{"level":"info","message":"Get all HelpTickets"}
{"level":"info","message":"Creating HelpTicket"}
{"level":"info","message":"Get all HelpTickets"}
{"level":"info","message":"Getting a HelpTickets content "}
{"level":"info","message":"Deleting HelpTicket %s"}
{"level":"info","message":"Get all HelpTickets"}
{"level":"info","message":"Get all HelpTickets"}
{"level":"info","message":"Loading Mongoose functionality"}
{"level":"info","message":"Starting application"}
{"level":"info","message":"HTTP Server listening on port: %d, in %s mode"}
{"level":"info","message":"Mongoose connected to the database"}
{"level":"info","message":"Loading Mongoose functionality"}
{"level":"info","message":"Starting application"}
{"level":"info","message":"HTTP Server listening on port: %d, in %s mode"}
{"level":"info","message":"Mongoose connected to the database"}
{"level":"info","message":"Get all HelpTickets"}
{"level":"info","message":"Creating HelpTicket"}
{"level":"info","message":"Get all HelpTickets"}
{"level":"info","message":"Creating HelpTicket"}
{"level":"info","message":"Get all HelpTickets"}
{"level":"info","message":"Getting a HelpTickets content "}
{"level":"info","message":"Updating HelpTicket"}
{"level":"info","message":"Get all HelpTickets"}
{"level":"info","message":"Getting a HelpTickets content "}
{"level":"info","message":"Loading Mongoose functionality"}
{"level":"info","message":"Starting application"}
{"level":"info","message":"HTTP Server listening on port: %d, in %s mode"}
{"level":"info","message":"Mongoose connected to the database"}
{"level":"info","message":"Loading Mongoose functionality"}
{"level":"info","message":"Starting application"}
{"level":"info","message":"HTTP Server listening on port: %d, in %s mode"}
{"level":"info","message":"Mongoose connected to the database"}
{"level":"info","message":"Loading Mongoose functionality"}
{"level":"info","message":"Starting application"}
{"level":"info","message":"HTTP Server listening on port: %d, in %s mode"}
{"level":"info","message":"Mongoose connected to the database"}
{"level":"info","message":"Loading Mongoose functionality"}
{"level":"info","message":"Starting application"}
{"level":"info","message":"HTTP Server listening on port: %d, in %s mode"}
{"level":"info","message":"Mongoose connected to the database"}
{"level":"info","message":"Creating HelpTicket"}
{"level":"info","message":"Get all HelpTickets"}
{"level":"info","message":"Creating HelpTicket"}
{"level":"info","message":"Get all HelpTickets"}
{"level":"info","message":"Getting a HelpTickets content "}
{"level":"info","message":"Getting a HelpTickets content "}
{"level":"info","message":"Deleting HelpTicket %s"}
{"level":"info","message":"Get all HelpTickets"}
{"level":"info","message":"Get all HelpTickets"}
{"level":"info","message":"Get all users"}
{"level":"info","message":"Get all users"}
{"level":"info","message":"Get all users"}
{"level":"info","message":"Get all users"}
{"level":"info","message":"Get all users"}
{"level":"info","message":"Get all users"}
{"level":"info","message":"Get all HelpTickets"}
{"level":"info","message":"Getting a HelpTickets content "}
{"level":"info","message":"Get all HelpTickets"}
{"level":"info","message":"Get all HelpTickets"}
{"level":"info","message":"Getting a HelpTickets content "}
{"level":"info","message":"Get all HelpTickets"}
{"level":"info","message":"Get all HelpTickets"}
{"level":"info","message":"Get all HelpTickets"}
{"level":"info","message":"Get all HelpTickets"}
{"level":"info","message":"Get all users"}
{"level":"info","message":"Get all HelpTickets"}
{"level":"info","message":"Get all HelpTickets"}
{"level":"info","message":"Get all HelpTickets"}
{"level":"info","message":"Get all HelpTickets"}
{"level":"info","message":"Get all HelpTickets"}
{"level":"info","message":"Get all HelpTickets"}
{"level":"info","message":"Get all HelpTickets"}
{"level":"info","message":"Getting a HelpTickets content "}
{"level":"info","message":"Get all HelpTickets"}
{"level":"info","message":"Getting a HelpTickets content "}
{"level":"info","message":"Getting a HelpTickets content "}
{"level":"info","message":"Creating HelpTicket"}
{"level":"info","message":"Creating HelpTicket"}
{"level":"info","message":"Get all HelpTickets"}
{"level":"info","message":"Getting a HelpTickets content "}
{"level":"info","message":"Deleting HelpTicket %s"}
{"level":"info","message":"Get all HelpTickets"}
{"level":"info","message":"Get all HelpTickets"}
{"level":"info","message":"Getting a HelpTickets content "}
{"level":"info","message":"Deleting HelpTicket %s"}
{"level":"info","message":"Get all HelpTickets"}
{"level":"info","message":"Get all HelpTickets"}
{"level":"info","message":"Creating HelpTicket"}
{"level":"info","message":"Get all HelpTickets"}
{"level":"info","message":"Getting a HelpTickets content "}
{"level":"info","message":"Getting a HelpTickets content "}
{"level":"info","message":"Deleting HelpTicket %s"}
{"level":"info","message":"Get all HelpTickets"}
{"level":"info","message":"Getting a HelpTickets content "}
{"level":"info","message":"Updating HelpTicket"}
{"level":"info","message":"Get all HelpTickets"}
{"level":"info","message":"Get all HelpTickets"}
{"level":"info","message":"Get all HelpTickets"}
{"level":"info","message":"Getting a HelpTickets content "}
{"level":"info","message":"Updating HelpTicket"}
{"level":"info","message":"Get all HelpTickets"}
{"level":"info","message":"Get all HelpTickets"}
{"level":"info","message":"Getting a HelpTickets content "}
{"level":"info","message":"Getting a HelpTickets content "}
{"level":"info","message":"Updating HelpTicket"}
{"level":"info","message":"Get all HelpTickets"}
{"level":"error","message":"File not found"}
{"level":"info","message":"Loading Mongoose functionality"}
{"level":"info","message":"Starting application"}
{"level":"info","message":"HTTP Server listening on port: %d, in %s mode"}
{"level":"info","message":"Mongoose connected to the database"}
{"level":"info","message":"Get all HelpTickets"}
{"level":"info","message":"Creating HelpTicket"}
{"level":"info","message":"Get all HelpTickets"}
{"level":"info","message":"Uploading files"}
{"level":"info","message":"Getting a HelpTickets content "}
{"level":"info","message":"Getting a HelpTickets content "}
{"level":"info","message":"Getting a HelpTickets content "}
{"level":"info","message":"Getting a HelpTickets content "}
{"level":"info","message":"Deleting HelpTicket %s"}
{"level":"info","message":"Get all HelpTickets"}
{"level":"info","message":"Getting a HelpTickets content "}
{"level":"info","message":"Deleting HelpTicket %s"}
{"level":"info","message":"Get all HelpTickets"}
{"level":"info","message":"Get all HelpTickets"}
{"level":"info","message":"Getting a HelpTickets content "}
{"level":"info","message":"Deleting HelpTicket %s"}
{"level":"info","message":"Get all HelpTickets"}
{"level":"info","message":"Getting a HelpTickets content "}
{"level":"info","message":"Creating HelpTicket"}
{"level":"info","message":"Get all HelpTickets"}
{"level":"info","message":"Uploading files"}
{"level":"info","message":"Getting a HelpTickets content "}
{"level":"info","message":"Getting a HelpTickets content "}
{"level":"info","message":"Updating HelpTicket"}
{"level":"info","message":"Get all HelpTickets"}
{"level":"info","message":"Uploading files"}
{"level":"info","message":"Getting a HelpTickets content "}
{"level":"info","message":"Loading Mongoose functionality"}
{"level":"info","message":"Starting application"}
{"level":"info","message":"HTTP Server listening on port: %d, in %s mode"}
{"level":"info","message":"Mongoose connected to the database"}
{"level":"info","message":"Loading Mongoose functionality"}
{"level":"info","message":"Starting application"}
{"level":"info","message":"HTTP Server listening on port: %d, in %s mode"}
{"level":"info","message":"Mongoose connected to the database"}
{"level":"info","message":"Get all HelpTickets"}
{"level":"info","message":"Get all HelpTickets"}
{"level":"info","message":"Get all HelpTickets"}
{"level":"info","message":"Get all HelpTickets"}
{"level":"info","message":"Get all users"}
{"level":"info","message":"Get all HelpTickets"}
